nohup: ignoring input

  .   ____          _            __ _ _
 /\\ / ___'_ __ _ _(_)_ __  __ _ \ \ \ \
( ( )\___ | '_ | '_| | '_ \/ _` | \ \ \ \
 \\/  ___)| |_)| | | | | || (_| |  ) ) ) )
  '  |____| .__|_| |_|_| |_\__, | / / / /
 =========|_|==============|___/=/_/_/_/

 :: Spring Boot ::                (v3.5.4)

2025-08-10T10:55:01.997Z  INFO 11028 --- [task-manager] [           main] c.e.task_manager.TaskManagerApplication  : Starting TaskManagerApplication v0.0.1-SNAPSHOT using Java 17.0.15 with PID 11028 (/home/ubuntu/three-tier-application/task-manager/target/task-manager-0.0.1-SNAPSHOT.jar started by ubuntu in /home/ubuntu/three-tier-application/task-manager)
2025-08-10T10:55:02.006Z  INFO 11028 --- [task-manager] [           main] c.e.task_manager.TaskManagerApplication  : No active profile set, falling back to 1 default profile: "default"
2025-08-10T10:55:03.577Z  INFO 11028 --- [task-manager] [           main] .s.d.r.c.RepositoryConfigurationDelegate : Bootstrapping Spring Data JPA repositories in DEFAULT mode.
2025-08-10T10:55:03.698Z  INFO 11028 --- [task-manager] [           main] .s.d.r.c.RepositoryConfigurationDelegate : Finished Spring Data repository scanning in 75 ms. Found 1 JPA repository interface.
2025-08-10T10:55:04.603Z  INFO 11028 --- [task-manager] [           main] o.s.b.w.embedded.tomcat.TomcatWebServer  : Tomcat initialized with port 8080 (http)
2025-08-10T10:55:04.625Z  INFO 11028 --- [task-manager] [           main] o.apache.catalina.core.StandardService   : Starting service [Tomcat]
2025-08-10T10:55:04.626Z  INFO 11028 --- [task-manager] [           main] o.apache.catalina.core.StandardEngine    : Starting Servlet engine: [Apache Tomcat/10.1.43]
2025-08-10T10:55:04.686Z  INFO 11028 --- [task-manager] [           main] o.a.c.c.C.[Tomcat].[localhost].[/]       : Initializing Spring embedded WebApplicationContext
2025-08-10T10:55:04.689Z  INFO 11028 --- [task-manager] [           main] w.s.c.ServletWebServerApplicationContext : Root WebApplicationContext: initialization completed in 2533 ms
2025-08-10T10:55:05.011Z  INFO 11028 --- [task-manager] [           main] o.hibernate.jpa.internal.util.LogHelper  : HHH000204: Processing PersistenceUnitInfo [name: default]
2025-08-10T10:55:05.098Z  INFO 11028 --- [task-manager] [           main] org.hibernate.Version                    : HHH000412: Hibernate ORM core version 6.6.22.Final
2025-08-10T10:55:05.146Z  INFO 11028 --- [task-manager] [           main] o.h.c.internal.RegionFactoryInitiator    : HHH000026: Second-level cache disabled
2025-08-10T10:55:05.600Z  INFO 11028 --- [task-manager] [           main] o.s.o.j.p.SpringPersistenceUnitInfo      : No LoadTimeWeaver setup: ignoring JPA class transformer
2025-08-10T10:55:05.668Z  INFO 11028 --- [task-manager] [           main] com.zaxxer.hikari.HikariDataSource       : HikariPool-1 - Starting...
2025-08-10T10:55:06.020Z  INFO 11028 --- [task-manager] [           main] com.zaxxer.hikari.pool.HikariPool        : HikariPool-1 - Added connection conn0: url=jdbc:h2:mem:taskdb user=SA
2025-08-10T10:55:06.023Z  INFO 11028 --- [task-manager] [           main] com.zaxxer.hikari.HikariDataSource       : HikariPool-1 - Start completed.
2025-08-10T10:55:06.064Z  WARN 11028 --- [task-manager] [           main] org.hibernate.orm.deprecation            : HHH90000025: H2Dialect does not need to be specified explicitly using 'hibernate.dialect' (remove the property setting and it will be selected by default)
2025-08-10T10:55:06.100Z  INFO 11028 --- [task-manager] [           main] org.hibernate.orm.connections.pooling    : HHH10001005: Database info:
	Database JDBC URL [Connecting through datasource 'HikariDataSource (HikariPool-1)']
	Database driver: undefined/unknown
	Database version: 2.3.232
	Autocommit mode: undefined/unknown
	Isolation level: undefined/unknown
	Minimum pool size: undefined/unknown
	Maximum pool size: undefined/unknown
2025-08-10T10:55:07.296Z  INFO 11028 --- [task-manager] [           main] o.h.e.t.j.p.i.JtaPlatformInitiator       : HHH000489: No JTA platform available (set 'hibernate.transaction.jta.platform' to enable JTA platform integration)
2025-08-10T10:55:07.392Z  INFO 11028 --- [task-manager] [           main] j.LocalContainerEntityManagerFactoryBean : Initialized JPA EntityManagerFactory for persistence unit 'default'
2025-08-10T10:55:07.776Z  WARN 11028 --- [task-manager] [           main] JpaBaseConfiguration$JpaWebConfiguration : spring.jpa.open-in-view is enabled by default. Therefore, database queries may be performed during view rendering. Explicitly configure spring.jpa.open-in-view to disable this warning
2025-08-10T10:55:08.279Z  INFO 11028 --- [task-manager] [           main] o.s.b.a.h2.H2ConsoleAutoConfiguration    : H2 console available at '/h2-console'. Database available at 'jdbc:h2:mem:taskdb'
2025-08-10T10:55:08.453Z  INFO 11028 --- [task-manager] [           main] o.s.b.w.embedded.tomcat.TomcatWebServer  : Tomcat started on port 8080 (http) with context path '/'
2025-08-10T10:55:08.481Z  INFO 11028 --- [task-manager] [           main] c.e.task_manager.TaskManagerApplication  : Started TaskManagerApplication in 7.51 seconds (process running for 8.438)
2025-08-10T10:55:21.774Z  INFO 11028 --- [task-manager] [nio-8080-exec-1] o.a.c.c.C.[Tomcat].[localhost].[/]       : Initializing Spring DispatcherServlet 'dispatcherServlet'
2025-08-10T10:55:21.774Z  INFO 11028 --- [task-manager] [nio-8080-exec-1] o.s.web.servlet.DispatcherServlet        : Initializing Servlet 'dispatcherServlet'
2025-08-10T10:55:21.778Z  INFO 11028 --- [task-manager] [nio-8080-exec-1] o.s.web.servlet.DispatcherServlet        : Completed initialization in 3 ms
2025-08-10T13:15:11.775Z  INFO 11028 --- [task-manager] [nio-8080-exec-2] o.apache.coyote.http11.Http11Processor   : Error parsing HTTP request header
 Note: further occurrences of HTTP request parsing errors will be logged at DEBUG level.

java.lang.IllegalArgumentException: Invalid character found in method name [0x050x010x00...]. HTTP method names must be tokens
	at org.apache.coyote.http11.Http11InputBuffer.parseRequestLine(Http11InputBuffer.java:403) ~[tomcat-embed-core-10.1.43.jar!/:na]
	at org.apache.coyote.http11.Http11Processor.service(Http11Processor.java:271) ~[tomcat-embed-core-10.1.43.jar!/:na]
	at org.apache.coyote.AbstractProcessorLight.process(AbstractProcessorLight.java:63) ~[tomcat-embed-core-10.1.43.jar!/:na]
	at org.apache.coyote.AbstractProtocol$ConnectionHandler.process(AbstractProtocol.java:903) ~[tomcat-embed-core-10.1.43.jar!/:na]
	at org.apache.tomcat.util.net.NioEndpoint$SocketProcessor.doRun(NioEndpoint.java:1769) ~[tomcat-embed-core-10.1.43.jar!/:na]
	at org.apache.tomcat.util.net.SocketProcessorBase.run(SocketProcessorBase.java:52) ~[tomcat-embed-core-10.1.43.jar!/:na]
	at org.apache.tomcat.util.threads.ThreadPoolExecutor.runWorker(ThreadPoolExecutor.java:1189) ~[tomcat-embed-core-10.1.43.jar!/:na]
	at org.apache.tomcat.util.threads.ThreadPoolExecutor$Worker.run(ThreadPoolExecutor.java:658) ~[tomcat-embed-core-10.1.43.jar!/:na]
	at org.apache.tomcat.util.threads.TaskThread$WrappingRunnable.run(TaskThread.java:63) ~[tomcat-embed-core-10.1.43.jar!/:na]
	at java.base/java.lang.Thread.run(Thread.java:840) ~[na:na]

